
fetchData() accessed, display username
fetchData() accessed, display email
fetchData() accessed, display balance
fetchData() accessed, display username for andre
fetchData() accessed, display email for andre
fetchData() accessed, display balance for andre
fetchData() accessed, display username for doritos7
fetchData() accessed, display email for doritos7
fetchData() accessed, display balance for doritos7
fetchData() accessed, display username for 
fetchData() accessed, display email for 
fetchData() accessed, display balance for 
fetchData() accessed, display username for 
fetchData() accessed, display email for 
fetchData() accessed, display balance for 
fetchData() accessed, display username for andre
fetchData() accessed, display email for andre
fetchData() accessed, display balance for andre
fetchData() accessed, display username for andre
fetchData() accessed, display email for andre
fetchData() accessed, display balance for andre
fetchData() accessed, display username for andre
fetchData() accessed, display email for andre
fetchData() accessed, display balance for andre
fetchData() accessed, display username for andre
fetchData() accessed, display email for andre
fetchData() accessed, display balance for andre
fetchData() accessed, display username for andre
fetchData() accessed, display email for andre
fetchData() accessed, display balance for andre
fetchData() accessed, display username for andre
fetchData() accessed, display email for andre
fetchData() accessed, display balance for andre
fetchData() accessed, display username for andre
fetchData() accessed, display email for andre
fetchData() accessed, display balance for andre
fetchData() accessed, display username for doritos7
fetchData() accessed, display email for doritos7
fetchData() accessed, display balance for doritos7
fetchData() accessed, display username for doritos7
fetchData() accessed, display email for doritos7
fetchData() accessed, display balance for doritos7
fetchData() accessed, display username for andre
fetchData() accessed, display email for andre
fetchData() accessed, display balance for andre
fetchData() accessed, display username for andre
fetchData() accessed, display email for andre
fetchData() accessed, display balance for andre
fetchData() accessed, display username for andre
fetchData() accessed, display email for andre
fetchData() accessed, display balance for andre
fetchData() accessed, display username for andre
fetchData() accessed, display email for andre
fetchData() accessed, display balance for andre
fetchData() accessed, display username for andre
fetchData() accessed, display email for andre
fetchData() accessed, display balance for andre
fetchData() accessed, display username for andre
fetchData() accessed, display email for andre
fetchData() accessed, display balance for andre
fetchData() accessed, display username for andre
fetchData() accessed, display email for andre
fetchData() accessed, display balance for andre
fetchData() accessed, display username for andre
fetchData() accessed, display email for andre
fetchData() accessed, display balance for andre
fetchData() accessed, display username for andre
fetchData() accessed, display email for andre
fetchData() accessed, display balance for andre
fetchData() accessed, display username for 
fetchData() accessed, display email for 
fetchData() accessed, display balance for 
fetchData() accessed, display username for 
fetchData() accessed, display email for 
fetchData() accessed, display balance for 
fetchData() accessed, display username for 
fetchData() accessed, display email for 
fetchData() accessed, display balance for 
fetchData() accessed, display username for 
fetchData() accessed, display email for 
fetchData() accessed, display balance for 